[1016/234616.099:ERROR:process_memory_win.cc(73)] ReadMemory at 0x7ff689f00000 of 64 bytes failed: Only part of a ReadProcessMemory or WriteProcessMemory request was completed. (0x12B)
[1016/234616.131:WARNING:pe_image_reader.cc(340)] could not read dos header from C:\Program Files (x86)\Google\Chrome\Application\chrome.exe
[1016/234616.131:ERROR:process_memory_win.cc(73)] ReadMemory at 0x7ffa945e0000 of 64 bytes failed: Only part of a ReadProcessMemory or WriteProcessMemory request was completed. (0x12B)
[1016/234616.131:WARNING:pe_image_reader.cc(340)] could not read dos header from C:\WINDOWS\SYSTEM32\ntdll.dll
[1016/234616.131:ERROR:process_memory_win.cc(73)] ReadMemory at 0x7ffa92a80000 of 64 bytes failed: Only part of a ReadProcessMemory or WriteProcessMemory request was completed. (0x12B)
[1016/234616.132:WARNING:pe_image_reader.cc(340)] could not read dos header from C:\WINDOWS\System32\KERNEL32.DLL
[1016/234616.132:ERROR:process_memory_win.cc(73)] ReadMemory at 0x7ffa91aa0000 of 64 bytes failed: Only part of a ReadProcessMemory or WriteProcessMemory request was completed. (0x12B)
[1016/234616.132:WARNING:pe_image_reader.cc(340)] could not read dos header from C:\WINDOWS\System32\KERNELBASE.dll
[1016/234616.133:ERROR:process_memory_win.cc(73)] ReadMemory at 0x7ffa5bda0000 of 64 bytes failed: Only part of a ReadProcessMemory or WriteProcessMemory request was completed. (0x12B)
[1016/234616.133:WARNING:pe_image_reader.cc(340)] could not read dos header from C:\Program Files (x86)\Google\Chrome\Application\77.0.3865.90\chrome_elf.dll
[1016/234616.133:ERROR:process_memory_win.cc(73)] ReadMemory at 0x7ffa89b60000 of 64 bytes failed: Only part of a ReadProcessMemory or WriteProcessMemory request was completed. (0x12B)
[1016/234616.133:WARNING:pe_image_reader.cc(340)] could not read dos header from C:\WINDOWS\SYSTEM32\VERSION.dll
[1016/234616.133:ERROR:process_memory_win.cc(73)] ReadMemory at 0x7ffa93c70000 of 64 bytes failed: Only part of a ReadProcessMemory or WriteProcessMemory request was completed. (0x12B)
[1016/234616.133:WARNING:pe_image_reader.cc(340)] could not read dos header from C:\WINDOWS\System32\msvcrt.dll
[1016/234616.133:ERROR:process_memory_win.cc(73)] ReadMemory at 0x7ffa92580000 of 64 bytes failed: Only part of a ReadProcessMemory or WriteProcessMemory request was completed. (0x12B)
[1016/234616.133:WARNING:pe_image_reader.cc(340)] could not read dos header from C:\WINDOWS\System32\bcryptPrimitives.dll
[1016/234616.133:ERROR:process_memory_win.cc(73)] ReadMemory at 0x7ffa939b0000 of 64 bytes failed: Only part of a ReadProcessMemory or WriteProcessMemory request was completed. (0x12B)
[1016/234616.133:WARNING:pe_image_reader.cc(340)] could not read dos header from C:\WINDOWS\System32\ADVAPI32.dll
[1016/234616.133:ERROR:process_memory_win.cc(73)] ReadMemory at 0x7ffa936d0000 of 64 bytes failed: Only part of a ReadProcessMemory or WriteProcessMemory request was completed. (0x12B)
[1016/234616.133:WARNING:pe_image_reader.cc(340)] could not read dos header from C:\WINDOWS\System32\sechost.dll
[1016/234616.133:ERROR:process_memory_win.cc(73)] ReadMemory at 0x7ffa92ca0000 of 64 bytes failed: Only part of a ReadProcessMemory or WriteProcessMemory request was completed. (0x12B)
[1016/234616.133:WARNING:pe_image_reader.cc(340)] could not read dos header from C:\WINDOWS\System32\RPCRT4.dll
[1016/234616.133:ERROR:process_memory_win.cc(73)] ReadMemory at 0x7ffa17760000 of 64 bytes failed: Only part of a ReadProcessMemory or WriteProcessMemory request was completed. (0x12B)
[1016/234616.133:WARNING:pe_image_reader.cc(340)] could not read dos header from C:\Program Files (x86)\Google\Chrome\Application\77.0.3865.90\chrome_child.dll
[1016/234616.133:ERROR:process_memory_win.cc(73)] ReadMemory at 0x175c1210000 of 64 bytes failed: Only part of a ReadProcessMemory or WriteProcessMemory request was completed. (0x12B)
[1016/234616.133:WARNING:pe_image_reader.cc(340)] could not read dos header from C:\WINDOWS\System32\OLEAUT32.dll
[1016/234616.133:ERROR:process_memory_win.cc(73)] ReadMemory at 0x7ffa916a0000 of 64 bytes failed: Only part of a ReadProcessMemory or WriteProcessMemory request was completed. (0x12B)
[1016/234616.133:WARNING:pe_image_reader.cc(340)] could not read dos header from C:\WINDOWS\System32\msvcp_win.dll
[1016/234616.133:ERROR:process_memory_win.cc(73)] ReadMemory at 0x7ffa915a0000 of 64 bytes failed: Only part of a ReadProcessMemory or WriteProcessMemory request was completed. (0x12B)
[1016/234616.133:WARNING:pe_image_reader.cc(340)] could not read dos header from C:\WINDOWS\System32\ucrtbase.dll
[1016/234616.133:ERROR:process_memory_win.cc(73)] ReadMemory at 0x7ffa94210000 of 64 bytes failed: Only part of a ReadProcessMemory or WriteProcessMemory request was completed. (0x12B)
[1016/234616.133:WARNING:pe_image_reader.cc(340)] could not read dos header from C:\WINDOWS\System32\combase.dll
[1016/234616.133:ERROR:process_memory_win.cc(73)] ReadMemory at 0x7ffa92900000 of 64 bytes failed: Only part of a ReadProcessMemory or WriteProcessMemory request was completed. (0x12B)
[1016/234616.133:WARNING:pe_image_reader.cc(340)] could not read dos header from C:\WINDOWS\System32\WS2_32.dll
[1016/234616.133:ERROR:process_memory_win.cc(73)] ReadMemory at 0x7ffa93770000 of 64 bytes failed: Only part of a ReadProcessMemory or WriteProcessMemory request was completed. (0x12B)
[1016/234616.133:WARNING:pe_image_reader.cc(340)] could not read dos header from C:\WINDOWS\System32\GDI32.dll
[1016/234616.133:ERROR:process_memory_win.cc(73)] ReadMemory at 0x7ffa92660000 of 64 bytes failed: Only part of a ReadProcessMemory or WriteProcessMemory request was completed. (0x12B)
[1016/234616.133:WARNING:pe_image_reader.cc(340)] could not read dos header from C:\WINDOWS\System32\win32u.dll
[1016/234616.133:ERROR:process_memory_win.cc(73)] ReadMemory at 0x7ffa91900000 of 64 bytes failed: Only part of a ReadProcessMemory or WriteProcessMemory request was completed. (0x12B)
[1016/234616.133:WARNING:pe_image_reader.cc(340)] could not read dos header from C:\WINDOWS\System32\gdi32full.dll
[1016/234616.133:ERROR:process_memory_win.cc(73)] ReadMemory at 0x7ffa93ad0000 of 64 bytes failed: Only part of a ReadProcessMemory or WriteProcessMemory request was completed. (0x12B)
[1016/234616.133:WARNING:pe_image_reader.cc(340)] could not read dos header from C:\WINDOWS\System32\USER32.dll
[1016/234616.133:ERROR:process_memory_win.cc(73)] ReadMemory at 0x7ffa92600000 of 64 bytes failed: Only part of a ReadProcessMemory or WriteProcessMemory request was completed. (0x12B)
[1016/234616.133:WARNING:pe_image_reader.cc(340)] could not read dos header from C:\WINDOWS\System32\WINTRUST.dll
[1016/234616.133:ERROR:process_memory_win.cc(73)] ReadMemory at 0x7ffa91530000 of 64 bytes failed: Only part of a ReadProcessMemory or WriteProcessMemory request was completed. (0x12B)
[1016/234616.133:WARNING:pe_image_reader.cc(340)] could not read dos header from C:\WINDOWS\System32\MSASN1.dll
[1016/234616.133:ERROR:process_memory_win.cc(73)] ReadMemory at 0x7ffa917b0000 of 64 bytes failed: Only part of a ReadProcessMemory or WriteProcessMemory request was completed. (0x12B)
[1016/234616.133:WARNING:pe_image_reader.cc(340)] could not read dos header from C:\WINDOWS\System32\CRYPT32.dll
[1016/234616.133:ERROR:process_memory_win.cc(73)] ReadMemory at 0x7ffa909d0000 of 64 bytes failed: Only part of a ReadProcessMemory or WriteProcessMemory request was completed. (0x12B)
[1016/234616.133:WARNING:pe_image_reader.cc(340)] could not read dos header from C:\WINDOWS\SYSTEM32\IPHLPAPI.DLL
[1016/234616.133:ERROR:process_memory_win.cc(73)] ReadMemory at 0x7ffa8eec0000 of 64 bytes failed: Only part of a ReadProcessMemory or WriteProcessMemory request was completed. (0x12B)
[1016/234616.133:WARNING:pe_image_reader.cc(340)] could not read dos header from C:\WINDOWS\SYSTEM32\WINMM.dll
[1016/234616.133:ERROR:process_memory_win.cc(73)] ReadMemory at 0x7ffa913d0000 of 64 bytes failed: Only part of a ReadProcessMemory or WriteProcessMemory request was completed. (0x12B)
[1016/234616.133:WARNING:pe_image_reader.cc(340)] could not read dos header from C:\WINDOWS\SYSTEM32\USERENV.dll
[1016/234616.133:ERROR:process_memory_win.cc(73)] ReadMemory at 0x7ffa91550000 of 64 bytes failed: Only part of a ReadProcessMemory or WriteProcessMemory request was completed. (0x12B)
[1016/234616.133:WARNING:pe_image_reader.cc(340)] could not read dos header from C:\WINDOWS\System32\profapi.dll
[1016/234616.133:ERROR:process_memory_win.cc(73)] ReadMemory at 0x7ffa724e0000 of 64 bytes failed: Only part of a ReadProcessMemory or WriteProcessMemory request was completed. (0x12B)
[1016/234616.133:WARNING:pe_image_reader.cc(340)] could not read dos header from C:\WINDOWS\SYSTEM32\DWrite.dll
[1016/234616.133:ERROR:process_memory_win.cc(73)] ReadMemory at 0x7ffa89200000 of 64 bytes failed: Only part of a ReadProcessMemory or WriteProcessMemory request was completed. (0x12B)
[1016/234616.133:WARNING:pe_image_reader.cc(340)] could not read dos header from C:\WINDOWS\SYSTEM32\WINSPOOL.DRV
[1016/234616.133:ERROR:process_memory_win.cc(73)] ReadMemory at 0x7ffa914c0000 of 64 bytes failed: Only part of a ReadProcessMemory or WriteProcessMemory request was completed. (0x12B)
[1016/234616.133:WARNING:pe_image_reader.cc(340)] could not read dos header from C:\WINDOWS\System32\kernel.appcore.dll
[1016/234616.133:ERROR:process_memory_win.cc(73)] ReadMemory at 0x7ffa91570000 of 64 bytes failed: Only part of a ReadProcessMemory or WriteProcessMemory request was completed. (0x12B)
[1016/234616.133:WARNING:pe_image_reader.cc(340)] could not read dos header from C:\WINDOWS\System32\bcrypt.dll
[1016/234616.136:ERROR:process_memory_win.cc(73)] ReadMemory at 0x7ffa8fd80000 of 64 bytes failed: Only part of a ReadProcessMemory or WriteProcessMemory request was completed. (0x12B)
[1016/234616.136:WARNING:pe_image_reader.cc(340)] could not read dos header from C:\WINDOWS\SYSTEM32\dbghelp.dll
[1016/234616.136:ERROR:process_memory_win.cc(73)] ReadMemory at 0x7ffa89f00000 of 64 bytes failed: Only part of a ReadProcessMemory or WriteProcessMemory request was completed. (0x12B)
[1016/234616.136:WARNING:pe_image_reader.cc(340)] could not read dos header from C:\WINDOWS\SYSTEM32\WINHTTP.dll
[1016/234616.136:ERROR:process_memory_win.cc(73)] ReadMemory at 0x7ffa8dff0000 of 64 bytes failed: Only part of a ReadProcessMemory or WriteProcessMemory request was completed. (0x12B)
[1016/234616.136:WARNING:pe_image_reader.cc(340)] could not read dos header from C:\WINDOWS\SYSTEM32\Secur32.dll
[1016/234616.137:ERROR:process_memory_win.cc(73)] ReadMemory at 0x7ffa8b7f0000 of 64 bytes failed: Only part of a ReadProcessMemory or WriteProcessMemory request was completed. (0x12B)
[1016/234616.137:WARNING:pe_image_reader.cc(340)] could not read dos header from C:\WINDOWS\SYSTEM32\dhcpcsvc.DLL
[1016/234616.137:ERROR:process_memory_win.cc(73)] ReadMemory at 0x7ffa92f20000 of 64 bytes failed: Only part of a ReadProcessMemory or WriteProcessMemory request was completed. (0x12B)
[1016/234616.137:WARNING:pe_image_reader.cc(340)] could not read dos header from C:\WINDOWS\System32\NSI.dll
[1016/234616.137:ERROR:process_memory_win.cc(73)] ReadMemory at 0x7ffa8ee90000 of 64 bytes failed: Only part of a ReadProcessMemory or WriteProcessMemory request was completed. (0x12B)
[1016/234616.137:WARNING:pe_image_reader.cc(340)] could not read dos header from C:\WINDOWS\SYSTEM32\WINMMBASE.dll
[1016/234616.137:ERROR:process_memory_win.cc(73)] ReadMemory at 0x7ffa91740000 of 64 bytes failed: Only part of a ReadProcessMemory or WriteProcessMemory request was completed. (0x12B)
[1016/234616.137:WARNING:pe_image_reader.cc(340)] could not read dos header from C:\WINDOWS\System32\cfgmgr32.dll
[1016/234616.137:ERROR:process_memory_win.cc(73)] ReadMemory at 0x7ffa8f050000 of 64 bytes failed: Only part of a ReadProcessMemory or WriteProcessMemory request was completed. (0x12B)
[1016/234616.137:WARNING:pe_image_reader.cc(340)] could not read dos header from C:\WINDOWS\SYSTEM32\PROPSYS.dll
[1016/234616.137:ERROR:process_memory_win.cc(73)] ReadMemory at 0x7ffa929d0000 of 64 bytes failed: Only part of a ReadProcessMemory or WriteProcessMemory request was completed. (0x12B)
[1016/234616.137:WARNING:pe_image_reader.cc(340)] could not read dos header from C:\WINDOWS\System32\shcore.dll
[1016/234616.137:ERROR:process_memory_win.cc(73)] ReadMemory at 0x7ffa913a0000 of 64 bytes failed: Only part of a ReadProcessMemory or WriteProcessMemory request was completed. (0x12B)
[1016/234616.137:WARNING:pe_image_reader.cc(340)] could not read dos header from C:\WINDOWS\SYSTEM32\SSPICLI.DLL
[1016/234616.137:ERROR:process_memory_win.cc(73)] ReadMemory at 0x7ffa94550000 of 64 bytes failed: Only part of a ReadProcessMemory or WriteProcessMemory request was completed. (0x12B)
[1016/234616.137:WARNING:pe_image_reader.cc(340)] could not read dos header from C:\WINDOWS\System32\IMM32.DLL
[1016/234616.138:ERROR:process_memory_win.cc(73)] ReadMemory at 0x7ffa90e90000 of 64 bytes failed: Only part of a ReadProcessMemory or WriteProcessMemory request was completed. (0x12B)
[1016/234616.138:WARNING:pe_image_reader.cc(340)] could not read dos header from C:\WINDOWS\SYSTEM32\CRYPTBASE.DLL
[1016/234616.138:ERROR:process_memory_win.cc(73)] ReadMemory at 0x7ff689f00000 of 64 bytes failed: Only part of a ReadProcessMemory or WriteProcessMemory request was completed. (0x12B)
[1016/234616.138:WARNING:pe_image_reader.cc(340)] could not read dos header from C:\Program Files (x86)\Google\Chrome\Application\chrome.exe
[1016/234616.138:ERROR:process_memory_win.cc(73)] ReadMemory at 0x7ffa945e0000 of 64 bytes failed: Only part of a ReadProcessMemory or WriteProcessMemory request was completed. (0x12B)
[1016/234616.138:WARNING:pe_image_reader.cc(340)] could not read dos header from C:\WINDOWS\SYSTEM32\ntdll.dll
[1016/234616.138:ERROR:process_memory_win.cc(73)] ReadMemory at 0x7ffa92a80000 of 64 bytes failed: Only part of a ReadProcessMemory or WriteProcessMemory request was completed. (0x12B)
[1016/234616.138:WARNING:pe_image_reader.cc(340)] could not read dos header from C:\WINDOWS\System32\KERNEL32.DLL
[1016/234616.138:ERROR:process_memory_win.cc(73)] ReadMemory at 0x7ffa91aa0000 of 64 bytes failed: Only part of a ReadProcessMemory or WriteProcessMemory request was completed. (0x12B)
[1016/234616.138:WARNING:pe_image_reader.cc(340)] could not read dos header from C:\WINDOWS\System32\KERNELBASE.dll
[1016/234616.138:ERROR:process_memory_win.cc(73)] ReadMemory at 0x7ffa5bda0000 of 64 bytes failed: Only part of a ReadProcessMemory or WriteProcessMemory request was completed. (0x12B)
[1016/234616.138:WARNING:pe_image_reader.cc(340)] could not read dos header from C:\Program Files (x86)\Google\Chrome\Application\77.0.3865.90\chrome_elf.dll
[1016/234616.138:ERROR:process_memory_win.cc(73)] ReadMemory at 0x7ffa89b60000 of 64 bytes failed: Only part of a ReadProcessMemory or WriteProcessMemory request was completed. (0x12B)
[1016/234616.138:WARNING:pe_image_reader.cc(340)] could not read dos header from C:\WINDOWS\SYSTEM32\VERSION.dll
[1016/234616.138:ERROR:process_memory_win.cc(73)] ReadMemory at 0x7ffa93c70000 of 64 bytes failed: Only part of a ReadProcessMemory or WriteProcessMemory request was completed. (0x12B)
[1016/234616.138:WARNING:pe_image_reader.cc(340)] could not read dos header from C:\WINDOWS\System32\msvcrt.dll
[1016/234616.138:ERROR:process_memory_win.cc(73)] ReadMemory at 0x7ffa92580000 of 64 bytes failed: Only part of a ReadProcessMemory or WriteProcessMemory request was completed. (0x12B)
[1016/234616.138:WARNING:pe_image_reader.cc(340)] could not read dos header from C:\WINDOWS\System32\bcryptPrimitives.dll
[1016/234616.138:ERROR:process_memory_win.cc(73)] ReadMemory at 0x7ffa939b0000 of 64 bytes failed: Only part of a ReadProcessMemory or WriteProcessMemory request was completed. (0x12B)
[1016/234616.138:WARNING:pe_image_reader.cc(340)] could not read dos header from C:\WINDOWS\System32\ADVAPI32.dll
[1016/234616.138:ERROR:process_memory_win.cc(73)] ReadMemory at 0x7ffa936d0000 of 64 bytes failed: Only part of a ReadProcessMemory or WriteProcessMemory request was completed. (0x12B)
[1016/234616.138:WARNING:pe_image_reader.cc(340)] could not read dos header from C:\WINDOWS\System32\sechost.dll
[1016/234616.138:ERROR:process_memory_win.cc(73)] ReadMemory at 0x7ffa92ca0000 of 64 bytes failed: Only part of a ReadProcessMemory or WriteProcessMemory request was completed. (0x12B)
[1016/234616.138:WARNING:pe_image_reader.cc(340)] could not read dos header from C:\WINDOWS\System32\RPCRT4.dll
[1016/234616.138:ERROR:process_memory_win.cc(73)] ReadMemory at 0x7ffa17760000 of 64 bytes failed: Only part of a ReadProcessMemory or WriteProcessMemory request was completed. (0x12B)
[1016/234616.138:WARNING:pe_image_reader.cc(340)] could not read dos header from C:\Program Files (x86)\Google\Chrome\Application\77.0.3865.90\chrome_child.dll
[1016/234616.138:ERROR:process_memory_win.cc(73)] ReadMemory at 0x175c1210000 of 64 bytes failed: Only part of a ReadProcessMemory or WriteProcessMemory request was completed. (0x12B)
[1016/234616.138:WARNING:pe_image_reader.cc(340)] could not read dos header from C:\WINDOWS\System32\OLEAUT32.dll
[1016/234616.138:ERROR:process_memory_win.cc(73)] ReadMemory at 0x7ffa916a0000 of 64 bytes failed: Only part of a ReadProcessMemory or WriteProcessMemory request was completed. (0x12B)
[1016/234616.138:WARNING:pe_image_reader.cc(340)] could not read dos header from C:\WINDOWS\System32\msvcp_win.dll
[1016/234616.138:ERROR:process_memory_win.cc(73)] ReadMemory at 0x7ffa915a0000 of 64 bytes failed: Only part of a ReadProcessMemory or WriteProcessMemory request was completed. (0x12B)
[1016/234616.138:WARNING:pe_image_reader.cc(340)] could not read dos header from C:\WINDOWS\System32\ucrtbase.dll
[1016/234616.138:ERROR:process_memory_win.cc(73)] ReadMemory at 0x7ffa94210000 of 64 bytes failed: Only part of a ReadProcessMemory or WriteProcessMemory request was completed. (0x12B)
[1016/234616.138:WARNING:pe_image_reader.cc(340)] could not read dos header from C:\WINDOWS\System32\combase.dll
[1016/234616.138:ERROR:process_memory_win.cc(73)] ReadMemory at 0x7ffa92900000 of 64 bytes failed: Only part of a ReadProcessMemory or WriteProcessMemory request was completed. (0x12B)
[1016/234616.138:WARNING:pe_image_reader.cc(340)] could not read dos header from C:\WINDOWS\System32\WS2_32.dll
[1016/234616.138:ERROR:process_memory_win.cc(73)] ReadMemory at 0x7ffa93770000 of 64 bytes failed: Only part of a ReadProcessMemory or WriteProcessMemory request was completed. (0x12B)
[1016/234616.138:WARNING:pe_image_reader.cc(340)] could not read dos header from C:\WINDOWS\System32\GDI32.dll
[1016/234616.138:ERROR:process_memory_win.cc(73)] ReadMemory at 0x7ffa92660000 of 64 bytes failed: Only part of a ReadProcessMemory or WriteProcessMemory request was completed. (0x12B)
[1016/234616.138:WARNING:pe_image_reader.cc(340)] could not read dos header from C:\WINDOWS\System32\win32u.dll
[1016/234616.138:ERROR:process_memory_win.cc(73)] ReadMemory at 0x7ffa91900000 of 64 bytes failed: Only part of a ReadProcessMemory or WriteProcessMemory request was completed. (0x12B)
[1016/234616.138:WARNING:pe_image_reader.cc(340)] could not read dos header from C:\WINDOWS\System32\gdi32full.dll
[1016/234616.138:ERROR:process_memory_win.cc(73)] ReadMemory at 0x7ffa93ad0000 of 64 bytes failed: Only part of a ReadProcessMemory or WriteProcessMemory request was completed. (0x12B)
[1016/234616.138:WARNING:pe_image_reader.cc(340)] could not read dos header from C:\WINDOWS\System32\USER32.dll
[1016/234616.138:ERROR:process_memory_win.cc(73)] ReadMemory at 0x7ffa92600000 of 64 bytes failed: Only part of a ReadProcessMemory or WriteProcessMemory request was completed. (0x12B)
[1016/234616.138:WARNING:pe_image_reader.cc(340)] could not read dos header from C:\WINDOWS\System32\WINTRUST.dll
[1016/234616.138:ERROR:process_memory_win.cc(73)] ReadMemory at 0x7ffa91530000 of 64 bytes failed: Only part of a ReadProcessMemory or WriteProcessMemory request was completed. (0x12B)
[1016/234616.138:WARNING:pe_image_reader.cc(340)] could not read dos header from C:\WINDOWS\System32\MSASN1.dll
[1016/234616.138:ERROR:process_memory_win.cc(73)] ReadMemory at 0x7ffa917b0000 of 64 bytes failed: Only part of a ReadProcessMemory or WriteProcessMemory request was completed. (0x12B)
[1016/234616.138:WARNING:pe_image_reader.cc(340)] could not read dos header from C:\WINDOWS\System32\CRYPT32.dll
[1016/234616.138:ERROR:process_memory_win.cc(73)] ReadMemory at 0x7ffa909d0000 of 64 bytes failed: Only part of a ReadProcessMemory or WriteProcessMemory request was completed. (0x12B)
[1016/234616.138:WARNING:pe_image_reader.cc(340)] could not read dos header from C:\WINDOWS\SYSTEM32\IPHLPAPI.DLL
[1016/234616.138:ERROR:process_memory_win.cc(73)] ReadMemory at 0x7ffa8eec0000 of 64 bytes failed: Only part of a ReadProcessMemory or WriteProcessMemory request was completed. (0x12B)
[1016/234616.138:WARNING:pe_image_reader.cc(340)] could not read dos header from C:\WINDOWS\SYSTEM32\WINMM.dll
[1016/234616.138:ERROR:process_memory_win.cc(73)] ReadMemory at 0x7ffa913d0000 of 64 bytes failed: Only part of a ReadProcessMemory or WriteProcessMemory request was completed. (0x12B)
[1016/234616.138:WARNING:pe_image_reader.cc(340)] could not read dos header from C:\WINDOWS\SYSTEM32\USERENV.dll
[1016/234616.138:ERROR:process_memory_win.cc(73)] ReadMemory at 0x7ffa91550000 of 64 bytes failed: Only part of a ReadProcessMemory or WriteProcessMemory request was completed. (0x12B)
[1016/234616.138:WARNING:pe_image_reader.cc(340)] could not read dos header from C:\WINDOWS\System32\profapi.dll
[1016/234616.138:ERROR:process_memory_win.cc(73)] ReadMemory at 0x7ffa724e0000 of 64 bytes failed: Only part of a ReadProcessMemory or WriteProcessMemory request was completed. (0x12B)
[1016/234616.138:WARNING:pe_image_reader.cc(340)] could not read dos header from C:\WINDOWS\SYSTEM32\DWrite.dll
[1016/234616.138:ERROR:process_memory_win.cc(73)] ReadMemory at 0x7ffa89200000 of 64 bytes failed: Only part of a ReadProcessMemory or WriteProcessMemory request was completed. (0x12B)
[1016/234616.138:WARNING:pe_image_reader.cc(340)] could not read dos header from C:\WINDOWS\SYSTEM32\WINSPOOL.DRV
[1016/234616.138:ERROR:process_memory_win.cc(73)] ReadMemory at 0x7ffa914c0000 of 64 bytes failed: Only part of a ReadProcessMemory or WriteProcessMemory request was completed. (0x12B)
[1016/234616.138:WARNING:pe_image_reader.cc(340)] could not read dos header from C:\WINDOWS\System32\kernel.appcore.dll
[1016/234616.138:ERROR:process_memory_win.cc(73)] ReadMemory at 0x7ffa91570000 of 64 bytes failed: Only part of a ReadProcessMemory or WriteProcessMemory request was completed. (0x12B)
[1016/234616.138:WARNING:pe_image_reader.cc(340)] could not read dos header from C:\WINDOWS\System32\bcrypt.dll
[1016/234616.138:ERROR:process_memory_win.cc(73)] ReadMemory at 0x7ffa8fd80000 of 64 bytes failed: Only part of a ReadProcessMemory or WriteProcessMemory request was completed. (0x12B)
[1016/234616.138:WARNING:pe_image_reader.cc(340)] could not read dos header from C:\WINDOWS\SYSTEM32\dbghelp.dll
[1016/234616.138:ERROR:process_memory_win.cc(73)] ReadMemory at 0x7ffa89f00000 of 64 bytes failed: Only part of a ReadProcessMemory or WriteProcessMemory request was completed. (0x12B)
[1016/234616.138:WARNING:pe_image_reader.cc(340)] could not read dos header from C:\WINDOWS\SYSTEM32\WINHTTP.dll
[1016/234616.138:ERROR:process_memory_win.cc(73)] ReadMemory at 0x7ffa8dff0000 of 64 bytes failed: Only part of a ReadProcessMemory or WriteProcessMemory request was completed. (0x12B)
[1016/234616.138:WARNING:pe_image_reader.cc(340)] could not read dos header from C:\WINDOWS\SYSTEM32\Secur32.dll
[1016/234616.138:ERROR:process_memory_win.cc(73)] ReadMemory at 0x7ffa8b7f0000 of 64 bytes failed: Only part of a ReadProcessMemory or WriteProcessMemory request was completed. (0x12B)
[1016/234616.138:WARNING:pe_image_reader.cc(340)] could not read dos header from C:\WINDOWS\SYSTEM32\dhcpcsvc.DLL
[1016/234616.138:ERROR:process_memory_win.cc(73)] ReadMemory at 0x7ffa92f20000 of 64 bytes failed: Only part of a ReadProcessMemory or WriteProcessMemory request was completed. (0x12B)
[1016/234616.138:WARNING:pe_image_reader.cc(340)] could not read dos header from C:\WINDOWS\System32\NSI.dll
[1016/234616.138:ERROR:process_memory_win.cc(73)] ReadMemory at 0x7ffa8ee90000 of 64 bytes failed: Only part of a ReadProcessMemory or WriteProcessMemory request was completed. (0x12B)
[1016/234616.138:WARNING:pe_image_reader.cc(340)] could not read dos header from C:\WINDOWS\SYSTEM32\WINMMBASE.dll
[1016/234616.138:ERROR:process_memory_win.cc(73)] ReadMemory at 0x7ffa91740000 of 64 bytes failed: Only part of a ReadProcessMemory or WriteProcessMemory request was completed. (0x12B)
[1016/234616.138:WARNING:pe_image_reader.cc(340)] could not read dos header from C:\WINDOWS\System32\cfgmgr32.dll
[1016/234616.138:ERROR:process_memory_win.cc(73)] ReadMemory at 0x7ffa8f050000 of 64 bytes failed: Only part of a ReadProcessMemory or WriteProcessMemory request was completed. (0x12B)
[1016/234616.138:WARNING:pe_image_reader.cc(340)] could not read dos header from C:\WINDOWS\SYSTEM32\PROPSYS.dll
[1016/234616.138:ERROR:process_memory_win.cc(73)] ReadMemory at 0x7ffa929d0000 of 64 bytes failed: Only part of a ReadProcessMemory or WriteProcessMemory request was completed. (0x12B)
[1016/234616.138:WARNING:pe_image_reader.cc(340)] could not read dos header from C:\WINDOWS\System32\shcore.dll
[1016/234616.138:ERROR:process_memory_win.cc(73)] ReadMemory at 0x7ffa913a0000 of 64 bytes failed: Only part of a ReadProcessMemory or WriteProcessMemory request was completed. (0x12B)
[1016/234616.138:WARNING:pe_image_reader.cc(340)] could not read dos header from C:\WINDOWS\SYSTEM32\SSPICLI.DLL
[1016/234616.138:ERROR:process_memory_win.cc(73)] ReadMemory at 0x7ffa94550000 of 64 bytes failed: Only part of a ReadProcessMemory or WriteProcessMemory request was completed. (0x12B)
[1016/234616.138:WARNING:pe_image_reader.cc(340)] could not read dos header from C:\WINDOWS\System32\IMM32.DLL
[1016/234616.138:ERROR:process_memory_win.cc(73)] ReadMemory at 0x7ffa90e90000 of 64 bytes failed: Only part of a ReadProcessMemory or WriteProcessMemory request was completed. (0x12B)
[1016/234616.138:WARNING:pe_image_reader.cc(340)] could not read dos header from C:\WINDOWS\SYSTEM32\CRYPTBASE.DLL
[1016/234616.387:ERROR:process_memory_win.cc(73)] ReadMemory at 0x674abe7000 of 102400 bytes failed: Only part of a ReadProcessMemory or WriteProcessMemory request was completed. (0x12B)
[1016/234616.388:ERROR:process_memory_win.cc(73)] ReadMemory at 0x674b3fd000 of 12288 bytes failed: Only part of a ReadProcessMemory or WriteProcessMemory request was completed. (0x12B)
[1016/234616.388:ERROR:process_memory_win.cc(73)] ReadMemory at 0x674c3fc000 of 16384 bytes failed: Only part of a ReadProcessMemory or WriteProcessMemory request was completed. (0x12B)
[1016/234616.388:ERROR:process_memory_win.cc(73)] ReadMemory at 0x674cbfc000 of 16384 bytes failed: Only part of a ReadProcessMemory or WriteProcessMemory request was completed. (0x12B)
[1016/234616.388:ERROR:process_memory_win.cc(73)] ReadMemory at 0x674d3ff000 of 4096 bytes failed: Only part of a ReadProcessMemory or WriteProcessMemory request was completed. (0x12B)
[1016/234616.389:ERROR:process_memory_win.cc(73)] ReadMemory at 0x674dbfd000 of 12288 bytes failed: Only part of a ReadProcessMemory or WriteProcessMemory request was completed. (0x12B)
[1016/234616.389:ERROR:process_memory_win.cc(73)] ReadMemory at 0x674e3fb000 of 20480 bytes failed: Only part of a ReadProcessMemory or WriteProcessMemory request was completed. (0x12B)
[1016/234616.389:ERROR:process_memory_win.cc(73)] ReadMemory at 0x674ebfa000 of 24576 bytes failed: Only part of a ReadProcessMemory or WriteProcessMemory request was completed. (0x12B)
[1016/234616.390:ERROR:process_memory_win.cc(73)] ReadMemory at 0x674f3fa000 of 24576 bytes failed: Only part of a ReadProcessMemory or WriteProcessMemory request was completed. (0x12B)
[1016/234616.390:ERROR:process_memory_win.cc(73)] ReadMemory at 0x674fbfa000 of 24576 bytes failed: Only part of a ReadProcessMemory or WriteProcessMemory request was completed. (0x12B)
[1016/234616.390:ERROR:process_memory_win.cc(73)] ReadMemory at 0x67523fb000 of 20480 bytes failed: Only part of a ReadProcessMemory or WriteProcessMemory request was completed. (0x12B)
[1016/234616.391:ERROR:process_memory_win.cc(73)] ReadMemory at 0x6752bee000 of 73728 bytes failed: Only part of a ReadProcessMemory or WriteProcessMemory request was completed. (0x12B)
[1016/234616.391:ERROR:process_memory_win.cc(73)] ReadMemory at 0x67503fd000 of 12288 bytes failed: Only part of a ReadProcessMemory or WriteProcessMemory request was completed. (0x12B)
[1016/234616.391:ERROR:process_memory_win.cc(73)] ReadMemory at 0x6751bf9000 of 28672 bytes failed: Only part of a ReadProcessMemory or WriteProcessMemory request was completed. (0x12B)
[1016/234616.391:ERROR:process_memory_win.cc(73)] ReadMemory at 0x67533fc000 of 16384 bytes failed: Only part of a ReadProcessMemory or WriteProcessMemory request was completed. (0x12B)
[1016/234616.391:ERROR:process_memory_win.cc(73)] ReadMemory at 0x674bbfd000 of 12288 bytes failed: Only part of a ReadProcessMemory or WriteProcessMemory request was completed. (0x12B)
[1016/234616.391:ERROR:process_memory_win.cc(73)] ReadMemory at 0x6750bfd000 of 12288 bytes failed: Only part of a ReadProcessMemory or WriteProcessMemory request was completed. (0x12B)
[1016/234616.391:ERROR:process_memory_win.cc(73)] ReadMemory at 0x67513fb000 of 20480 bytes failed: Only part of a ReadProcessMemory or WriteProcessMemory request was completed. (0x12B)
[1016/234616.391:ERROR:process_memory_win.cc(73)] ReadMemory at 0x674a11d000 of 12288 bytes failed: Only part of a ReadProcessMemory or WriteProcessMemory request was completed. (0x12B)
[1016/234616.391:ERROR:process_memory_win.cc(73)] ReadMemory at 0x67534fd000 of 12288 bytes failed: Only part of a ReadProcessMemory or WriteProcessMemory request was completed. (0x12B)
[1016/234616.391:ERROR:process_memory_win.cc(73)] ReadMemory at 0x67535fd000 of 12288 bytes failed: Only part of a ReadProcessMemory or WriteProcessMemory request was completed. (0x12B)
[1016/234616.391:ERROR:process_memory_win.cc(73)] ReadMemory at 0x67536bf000 of 266240 bytes failed: Only part of a ReadProcessMemory or WriteProcessMemory request was completed. (0x12B)
[1016/234616.391:ERROR:process_memory_win.cc(73)] ReadMemory at 0x67537fd000 of 12288 bytes failed: Only part of a ReadProcessMemory or WriteProcessMemory request was completed. (0x12B)
[1016/234616.391:ERROR:process_memory_win.cc(73)] ReadMemory at 0x67538fd000 of 12288 bytes failed: Only part of a ReadProcessMemory or WriteProcessMemory request was completed. (0x12B)
[1016/234616.391:ERROR:process_memory_win.cc(73)] ReadMemory at 0x67539fd000 of 12288 bytes failed: Only part of a ReadProcessMemory or WriteProcessMemory request was completed. (0x12B)
[1016/234616.391:ERROR:process_memory_win.cc(73)] ReadMemory at 0x6753abf000 of 266240 bytes failed: Only part of a ReadProcessMemory or WriteProcessMemory request was completed. (0x12B)
[1016/234616.391:ERROR:process_memory_win.cc(73)] ReadMemory at 0x67542fd000 of 12288 bytes failed: Only part of a ReadProcessMemory or WriteProcessMemory request was completed. (0x12B)
[1016/234616.391:ERROR:process_memory_win.cc(73)] ReadMemory at 0x674a2b5000 of 852 bytes failed: Only part of a ReadProcessMemory or WriteProcessMemory request was completed. (0x12B)
[1016/234616.391:ERROR:process_memory_win.cc(73)] ReadMemory at 0x674a2b6000 of 6024 bytes failed: Only part of a ReadProcessMemory or WriteProcessMemory request was completed. (0x12B)
[1016/234616.391:ERROR:process_memory_win.cc(73)] ReadMemory at 0x674a2b8000 of 6024 bytes failed: Only part of a ReadProcessMemory or WriteProcessMemory request was completed. (0x12B)
[1016/234616.391:ERROR:process_memory_win.cc(73)] ReadMemory at 0x674a2bc000 of 6024 bytes failed: Only part of a ReadProcessMemory or WriteProcessMemory request was completed. (0x12B)
[1016/234616.391:ERROR:process_memory_win.cc(73)] ReadMemory at 0x674a2be000 of 6024 bytes failed: Only part of a ReadProcessMemory or WriteProcessMemory request was completed. (0x12B)
[1016/234616.391:ERROR:process_memory_win.cc(73)] ReadMemory at 0x674a2c0000 of 6024 bytes failed: Only part of a ReadProcessMemory or WriteProcessMemory request was completed. (0x12B)
[1016/234616.391:ERROR:process_memory_win.cc(73)] ReadMemory at 0x674a2c2000 of 6024 bytes failed: Only part of a ReadProcessMemory or WriteProcessMemory request was completed. (0x12B)
[1016/234616.391:ERROR:process_memory_win.cc(73)] ReadMemory at 0x674a2c4000 of 6024 bytes failed: Only part of a ReadProcessMemory or WriteProcessMemory request was completed. (0x12B)
[1016/234616.400:ERROR:process_memory_win.cc(73)] ReadMemory at 0x674a2c6000 of 6024 bytes failed: Only part of a ReadProcessMemory or WriteProcessMemory request was completed. (0x12B)
[1016/234616.400:ERROR:process_memory_win.cc(73)] ReadMemory at 0x674a2c8000 of 6024 bytes failed: Only part of a ReadProcessMemory or WriteProcessMemory request was completed. (0x12B)
[1016/234616.400:ERROR:process_memory_win.cc(73)] ReadMemory at 0x674a2ca000 of 6024 bytes failed: Only part of a ReadProcessMemory or WriteProcessMemory request was completed. (0x12B)
[1016/234616.400:ERROR:process_memory_win.cc(73)] ReadMemory at 0x674a2d8000 of 6024 bytes failed: Only part of a ReadProcessMemory or WriteProcessMemory request was completed. (0x12B)
[1016/234616.400:ERROR:process_memory_win.cc(73)] ReadMemory at 0x674a2da000 of 6024 bytes failed: Only part of a ReadProcessMemory or WriteProcessMemory request was completed. (0x12B)
[1016/234616.400:ERROR:process_memory_win.cc(73)] ReadMemory at 0x674a2e4000 of 6024 bytes failed: Only part of a ReadProcessMemory or WriteProcessMemory request was completed. (0x12B)
[1016/234616.401:ERROR:process_memory_win.cc(73)] ReadMemory at 0x674a33e000 of 6024 bytes failed: Only part of a ReadProcessMemory or WriteProcessMemory request was completed. (0x12B)
[1016/234616.401:ERROR:process_memory_win.cc(73)] ReadMemory at 0x674a360000 of 6024 bytes failed: Only part of a ReadProcessMemory or WriteProcessMemory request was completed. (0x12B)
[1016/234616.401:ERROR:process_memory_win.cc(73)] ReadMemory at 0x674a362000 of 6024 bytes failed: Only part of a ReadProcessMemory or WriteProcessMemory request was completed. (0x12B)
[1016/234616.401:ERROR:process_memory_win.cc(73)] ReadMemory at 0x674a364000 of 6024 bytes failed: Only part of a ReadProcessMemory or WriteProcessMemory request was completed. (0x12B)
[1016/234616.401:ERROR:process_memory_win.cc(73)] ReadMemory at 0x674a366000 of 6024 bytes failed: Only part of a ReadProcessMemory or WriteProcessMemory request was completed. (0x12B)
[1016/234616.401:ERROR:process_memory_win.cc(73)] ReadMemory at 0x674a368000 of 6024 bytes failed: Only part of a ReadProcessMemory or WriteProcessMemory request was completed. (0x12B)
[1016/234616.402:ERROR:process_memory_win.cc(73)] ReadMemory at 0x674a36a000 of 6024 bytes failed: Only part of a ReadProcessMemory or WriteProcessMemory request was completed. (0x12B)
[1016/234616.402:ERROR:process_memory_win.cc(73)] ReadMemory at 0x674a36c000 of 6024 bytes failed: Only part of a ReadProcessMemory or WriteProcessMemory request was completed. (0x12B)
[1016/234616.402:ERROR:process_memory_win.cc(73)] ReadMemory at 0x674a36e000 of 6024 bytes failed: Only part of a ReadProcessMemory or WriteProcessMemory request was completed. (0x12B)
[1016/234616.402:ERROR:process_memory_win.cc(73)] ReadMemory at 0x674a370000 of 6024 bytes failed: Only part of a ReadProcessMemory or WriteProcessMemory request was completed. (0x12B)
[1016/234616.402:ERROR:process_memory_win.cc(73)] ReadMemory at 0x674a372000 of 6024 bytes failed: Only part of a ReadProcessMemory or WriteProcessMemory request was completed. (0x12B)
[1016/234616.402:ERROR:process_memory_win.cc(73)] ReadMemory at 0x674a374000 of 6024 bytes failed: Only part of a ReadProcessMemory or WriteProcessMemory request was completed. (0x12B)
[1016/234616.403:ERROR:process_memory_win.cc(73)] ReadMemory at 0x674a376000 of 6024 bytes failed: Only part of a ReadProcessMemory or WriteProcessMemory request was completed. (0x12B)
[1016/234616.403:ERROR:process_memory_win.cc(73)] ReadMemory at 0x674a378000 of 6024 bytes failed: Only part of a ReadProcessMemory or WriteProcessMemory request was completed. (0x12B)
[1016/234616.403:ERROR:process_memory_win.cc(73)] ReadMemory at 0x175c0ff0750 of 80 bytes failed: Only part of a ReadProcessMemory or WriteProcessMemory request was completed. (0x12B)
[1016/234616.404:ERROR:process_memory_win.cc(73)] ReadMemory at 0x175c0ff0fe0 of 5330 bytes failed: Only part of a ReadProcessMemory or WriteProcessMemory request was completed. (0x12B)
[1016/234616.404:ERROR:process_memory_win.cc(73)] ReadMemory at 0x175c0ff24c0 of 1012 bytes failed: Only part of a ReadProcessMemory or WriteProcessMemory request was completed. (0x12B)
[1016/234616.404:ERROR:process_memory_win.cc(73)] ReadMemory at 0x175c0ff2b08 of 118 bytes failed: Only part of a ReadProcessMemory or WriteProcessMemory request was completed. (0x12B)
[1016/234616.404:ERROR:process_memory_win.cc(73)] ReadMemory at 0x175c0ff2b80 of 992 bytes failed: Only part of a ReadProcessMemory or WriteProcessMemory request was completed. (0x12B)
[1016/234616.405:ERROR:process_memory_win.cc(73)] ReadMemory at 0x175c0ff2f62 of 118 bytes failed: Only part of a ReadProcessMemory or WriteProcessMemory request was completed. (0x12B)
[1016/234616.405:ERROR:process_memory_win.cc(73)] ReadMemory at 0x175c0ff2fda of 100 bytes failed: Only part of a ReadProcessMemory or WriteProcessMemory request was completed. (0x12B)
[1016/234616.405:ERROR:process_memory_win.cc(73)] ReadMemory at 0x175c0ff3050 of 58 bytes failed: Only part of a ReadProcessMemory or WriteProcessMemory request was completed. (0x12B)
[1016/234616.405:ERROR:process_memory_win.cc(73)] ReadMemory at 0x175c0ff3150 of 132 bytes failed: Only part of a ReadProcessMemory or WriteProcessMemory request was completed. (0x12B)
[1016/234616.405:ERROR:process_memory_win.cc(73)] ReadMemory at 0x175c0ff32e0 of 132 bytes failed: Only part of a ReadProcessMemory or WriteProcessMemory request was completed. (0x12B)
[1016/234616.405:ERROR:process_memory_win.cc(73)] ReadMemory at 0x175c0ff34a0 of 124 bytes failed: Only part of a ReadProcessMemory or WriteProcessMemory request was completed. (0x12B)
[1016/234616.405:ERROR:process_memory_win.cc(73)] ReadMemory at 0x175c0ff3880 of 132 bytes failed: Only part of a ReadProcessMemory or WriteProcessMemory request was completed. (0x12B)
[1016/234616.405:ERROR:process_memory_win.cc(73)] ReadMemory at 0x175c0ff3a10 of 64 bytes failed: Only part of a ReadProcessMemory or WriteProcessMemory request was completed. (0x12B)
[1016/234616.405:ERROR:process_memory_win.cc(73)] ReadMemory at 0x175c0ff3bd0 of 132 bytes failed: Only part of a ReadProcessMemory or WriteProcessMemory request was completed. (0x12B)
[1016/234616.405:ERROR:process_memory_win.cc(73)] ReadMemory at 0x175c0ff3e70 of 132 bytes failed: Only part of a ReadProcessMemory or WriteProcessMemory request was completed. (0x12B)
[1016/234616.405:ERROR:process_memory_win.cc(73)] ReadMemory at 0x175c0ff4000 of 68 bytes failed: Only part of a ReadProcessMemory or WriteProcessMemory request was completed. (0x12B)
[1016/234616.405:ERROR:process_memory_win.cc(73)] ReadMemory at 0x175c0ff5140 of 132 bytes failed: Only part of a ReadProcessMemory or WriteProcessMemory request was completed. (0x12B)
[1016/234616.405:ERROR:process_memory_win.cc(73)] ReadMemory at 0x175c0ff52d0 of 152 bytes failed: Only part of a ReadProcessMemory or WriteProcessMemory request was completed. (0x12B)
[1016/234616.405:ERROR:process_memory_win.cc(73)] ReadMemory at 0x175c0ff60d0 of 62 bytes failed: Only part of a ReadProcessMemory or WriteProcessMemory request was completed. (0x12B)
[1016/234616.405:ERROR:process_memory_win.cc(73)] ReadMemory at 0x175c0ff6230 of 132 bytes failed: Only part of a ReadProcessMemory or WriteProcessMemory request was completed. (0x12B)
[1016/234616.405:ERROR:process_memory_win.cc(73)] ReadMemory at 0x175c0ff63c0 of 60 bytes failed: Only part of a ReadProcessMemory or WriteProcessMemory request was completed. (0x12B)
[1016/234616.405:ERROR:process_memory_win.cc(73)] ReadMemory at 0x175c0ff6540 of 132 bytes failed: Only part of a ReadProcessMemory or WriteProcessMemory request was completed. (0x12B)
[1016/234616.405:ERROR:process_memory_win.cc(73)] ReadMemory at 0x175c0ff6670 of 156 bytes failed: Only part of a ReadProcessMemory or WriteProcessMemory request was completed. (0x12B)
[1016/234616.541:ERROR:process_memory_win.cc(73)] ReadMemory at 0x175c0ff703a of 512 bytes failed: Only part of a ReadProcessMemory or WriteProcessMemory request was completed. (0x12B)
[1016/234616.542:ERROR:process_memory_win.cc(73)] ReadMemory at 0x175c0ff7c60 of 132 bytes failed: Only part of a ReadProcessMemory or WriteProcessMemory request was completed. (0x12B)
[1016/234616.542:ERROR:process_memory_win.cc(73)] ReadMemory at 0x175c0ff7e90 of 132 bytes failed: Only part of a ReadProcessMemory or WriteProcessMemory request was completed. (0x12B)
[1016/234616.542:ERROR:process_memory_win.cc(73)] ReadMemory at 0x175c0ff7fd0 of 132 bytes failed: Only part of a ReadProcessMemory or WriteProcessMemory request was completed. (0x12B)
[1016/234616.542:ERROR:process_memory_win.cc(73)] ReadMemory at 0x175c0ffaed0 of 64 bytes failed: Only part of a ReadProcessMemory or WriteProcessMemory request was completed. (0x12B)
[1016/234616.542:ERROR:process_memory_win.cc(73)] ReadMemory at 0x175c0ffaf70 of 64 bytes failed: Only part of a ReadProcessMemory or WriteProcessMemory request was completed. (0x12B)
[1016/234616.542:ERROR:process_memory_win.cc(73)] ReadMemory at 0x175c0ffafc0 of 62 bytes failed: Only part of a ReadProcessMemory or WriteProcessMemory request was completed. (0x12B)
[1016/234616.542:ERROR:process_memory_win.cc(73)] ReadMemory at 0x175c0ffb010 of 60 bytes failed: Only part of a ReadProcessMemory or WriteProcessMemory request was completed. (0x12B)
[1016/234616.542:ERROR:process_memory_win.cc(73)] ReadMemory at 0x175c0ffb3d0 of 66 bytes failed: Only part of a ReadProcessMemory or WriteProcessMemory request was completed. (0x12B)
[1016/234616.542:ERROR:process_memory_win.cc(73)] ReadMemory at 0x175c0ffb420 of 62 bytes failed: Only part of a ReadProcessMemory or WriteProcessMemory request was completed. (0x12B)
[1016/234616.542:ERROR:process_memory_win.cc(73)] ReadMemory at 0x175c0ffb470 of 64 bytes failed: Only part of a ReadProcessMemory or WriteProcessMemory request was completed. (0x12B)
[1016/234616.542:ERROR:process_memory_win.cc(73)] ReadMemory at 0x175c0ffb560 of 60 bytes failed: Only part of a ReadProcessMemory or WriteProcessMemory request was completed. (0x12B)
[1016/234616.542:ERROR:process_memory_win.cc(73)] ReadMemory at 0x175c0ffb600 of 58 bytes failed: Only part of a ReadProcessMemory or WriteProcessMemory request was completed. (0x12B)
[1016/234616.542:ERROR:process_memory_win.cc(73)] ReadMemory at 0x175c0ffb770 of 132 bytes failed: Only part of a ReadProcessMemory or WriteProcessMemory request was completed. (0x12B)
[1016/234616.542:ERROR:process_memory_win.cc(73)] ReadMemory at 0x175c0ffba50 of 132 bytes failed: Only part of a ReadProcessMemory or WriteProcessMemory request was completed. (0x12B)
[1016/234616.542:ERROR:process_memory_win.cc(73)] ReadMemory at 0x175c0ffc610 of 132 bytes failed: Only part of a ReadProcessMemory or WriteProcessMemory request was completed. (0x12B)
[1016/234616.542:ERROR:process_memory_win.cc(73)] ReadMemory at 0x175c0ffe0c0 of 54 bytes failed: Only part of a ReadProcessMemory or WriteProcessMemory request was completed. (0x12B)
[1016/234616.542:ERROR:process_memory_win.cc(73)] ReadMemory at 0x175c0ffeb30 of 132 bytes failed: Only part of a ReadProcessMemory or WriteProcessMemory request was completed. (0x12B)
[1016/234616.542:ERROR:process_memory_win.cc(73)] ReadMemory at 0x175c0fffa50 of 132 bytes failed: Only part of a ReadProcessMemory or WriteProcessMemory request was completed. (0x12B)
[1016/234616.542:ERROR:process_memory_win.cc(73)] ReadMemory at 0x175c0fffcc0 of 132 bytes failed: Only part of a ReadProcessMemory or WriteProcessMemory request was completed. (0x12B)
[1016/234616.542:ERROR:process_memory_win.cc(73)] ReadMemory at 0x175c1004f70 of 132 bytes failed: Only part of a ReadProcessMemory or WriteProcessMemory request was completed. (0x12B)
[1016/234616.542:ERROR:process_memory_win.cc(73)] ReadMemory at 0x175c10050a0 of 132 bytes failed: Only part of a ReadProcessMemory or WriteProcessMemory request was completed. (0x12B)
[1016/234616.542:ERROR:process_memory_win.cc(73)] ReadMemory at 0x175c10051d0 of 132 bytes failed: Only part of a ReadProcessMemory or WriteProcessMemory request was completed. (0x12B)
[1016/234616.555:ERROR:process_memory_win.cc(73)] ReadMemory at 0x175c1005300 of 132 bytes failed: Only part of a ReadProcessMemory or WriteProcessMemory request was completed. (0x12B)
[1016/234616.555:ERROR:process_memory_win.cc(73)] ReadMemory at 0x175c1005430 of 132 bytes failed: Only part of a ReadProcessMemory or WriteProcessMemory request was completed. (0x12B)
[1016/234616.556:ERROR:process_memory_win.cc(73)] ReadMemory at 0x175c1005690 of 132 bytes failed: Only part of a ReadProcessMemory or WriteProcessMemory request was completed. (0x12B)
[1016/234616.556:ERROR:process_memory_win.cc(73)] ReadMemory at 0x175c10057c0 of 132 bytes failed: Only part of a ReadProcessMemory or WriteProcessMemory request was completed. (0x12B)
[1016/234616.557:ERROR:process_memory_win.cc(73)] ReadMemory at 0x175c10058f0 of 132 bytes failed: Only part of a ReadProcessMemory or WriteProcessMemory request was completed. (0x12B)
[1016/234616.557:ERROR:process_memory_win.cc(73)] ReadMemory at 0x175c1005a20 of 132 bytes failed: Only part of a ReadProcessMemory or WriteProcessMemory request was completed. (0x12B)
[1016/234616.557:ERROR:process_memory_win.cc(73)] ReadMemory at 0x175c1005b50 of 132 bytes failed: Only part of a ReadProcessMemory or WriteProcessMemory request was completed. (0x12B)
[1016/234616.557:ERROR:process_memory_win.cc(73)] ReadMemory at 0x175c1005c80 of 132 bytes failed: Only part of a ReadProcessMemory or WriteProcessMemory request was completed. (0x12B)
[1016/234616.557:ERROR:process_memory_win.cc(73)] ReadMemory at 0x175c1005db0 of 132 bytes failed: Only part of a ReadProcessMemory or WriteProcessMemory request was completed. (0x12B)
[1016/234616.557:ERROR:process_memory_win.cc(73)] ReadMemory at 0x175c10064c0 of 76 bytes failed: Only part of a ReadProcessMemory or WriteProcessMemory request was completed. (0x12B)
[1016/234616.557:ERROR:process_memory_win.cc(73)] ReadMemory at 0x175c1006f90 of 64 bytes failed: Only part of a ReadProcessMemory or WriteProcessMemory request was completed. (0x12B)
[1016/234616.557:ERROR:process_memory_win.cc(73)] ReadMemory at 0x175c1006fe0 of 60 bytes failed: Only part of a ReadProcessMemory or WriteProcessMemory request was completed. (0x12B)
[1016/234616.557:ERROR:process_memory_win.cc(73)] ReadMemory at 0x175c1007030 of 64 bytes failed: Only part of a ReadProcessMemory or WriteProcessMemory request was completed. (0x12B)
[1016/234616.557:ERROR:process_memory_win.cc(73)] ReadMemory at 0x175c1007120 of 66 bytes failed: Only part of a ReadProcessMemory or WriteProcessMemory request was completed. (0x12B)
[1016/234616.557:ERROR:process_memory_win.cc(73)] ReadMemory at 0x175c10072b0 of 62 bytes failed: Only part of a ReadProcessMemory or WriteProcessMemory request was completed. (0x12B)
[1016/234616.557:ERROR:process_memory_win.cc(73)] ReadMemory at 0x175c10073f0 of 64 bytes failed: Only part of a ReadProcessMemory or WriteProcessMemory request was completed. (0x12B)
[1016/234616.557:ERROR:process_memory_win.cc(73)] ReadMemory at 0x175c1007530 of 60 bytes failed: Only part of a ReadProcessMemory or WriteProcessMemory request was completed. (0x12B)
[1016/234616.557:ERROR:process_memory_win.cc(73)] ReadMemory at 0x175c1007580 of 66 bytes failed: Only part of a ReadProcessMemory or WriteProcessMemory request was completed. (0x12B)
[1016/234616.557:ERROR:process_memory_win.cc(73)] ReadMemory at 0x175c10075d0 of 62 bytes failed: Only part of a ReadProcessMemory or WriteProcessMemory request was completed. (0x12B)
[1016/234616.557:ERROR:process_memory_win.cc(73)] ReadMemory at 0x175c1007620 of 62 bytes failed: Only part of a ReadProcessMemory or WriteProcessMemory request was completed. (0x12B)
[1016/234616.557:ERROR:process_memory_win.cc(73)] ReadMemory at 0x175c10076c0 of 60 bytes failed: Only part of a ReadProcessMemory or WriteProcessMemory request was completed. (0x12B)
[1016/234616.557:ERROR:process_memory_win.cc(73)] ReadMemory at 0x175c1007710 of 62 bytes failed: Only part of a ReadProcessMemory or WriteProcessMemory request was completed. (0x12B)
[1016/234616.557:ERROR:process_memory_win.cc(73)] ReadMemory at 0x175c1007760 of 58 bytes failed: Only part of a ReadProcessMemory or WriteProcessMemory request was completed. (0x12B)
[1016/234616.557:ERROR:process_memory_win.cc(73)] ReadMemory at 0x175c10077b0 of 60 bytes failed: Only part of a ReadProcessMemory or WriteProcessMemory request was completed. (0x12B)
[1016/234616.557:ERROR:process_memory_win.cc(73)] ReadMemory at 0x175c1007800 of 64 bytes failed: Only part of a ReadProcessMemory or WriteProcessMemory request was completed. (0x12B)
[1016/234616.557:ERROR:process_memory_win.cc(73)] ReadMemory at 0x175c10078f0 of 60 bytes failed: Only part of a ReadProcessMemory or WriteProcessMemory request was completed. (0x12B)
[1016/234616.564:ERROR:process_memory_win.cc(73)] ReadMemory at 0x175c1007a30 of 62 bytes failed: Only part of a ReadProcessMemory or WriteProcessMemory request was completed. (0x12B)
[1016/234616.564:ERROR:process_memory_win.cc(73)] ReadMemory at 0x175c1007a80 of 62 bytes failed: Only part of a ReadProcessMemory or WriteProcessMemory request was completed. (0x12B)
[1016/234616.565:ERROR:process_memory_win.cc(73)] ReadMemory at 0x175c1007ad0 of 64 bytes failed: Only part of a ReadProcessMemory or WriteProcessMemory request was completed. (0x12B)
[1016/234616.565:ERROR:process_memory_win.cc(73)] ReadMemory at 0x175c1007bc0 of 62 bytes failed: Only part of a ReadProcessMemory or WriteProcessMemory request was completed. (0x12B)
[1016/234616.565:ERROR:process_memory_win.cc(73)] ReadMemory at 0x175c1007c10 of 58 bytes failed: Only part of a ReadProcessMemory or WriteProcessMemory request was completed. (0x12B)
[1016/234616.565:ERROR:process_memory_win.cc(73)] ReadMemory at 0x175c1007c60 of 60 bytes failed: Only part of a ReadProcessMemory or WriteProcessMemory request was completed. (0x12B)
[1016/234616.565:ERROR:process_memory_win.cc(73)] ReadMemory at 0x175c1007cb0 of 62 bytes failed: Only part of a ReadProcessMemory or WriteProcessMemory request was completed. (0x12B)
[1016/234616.565:ERROR:process_memory_win.cc(73)] ReadMemory at 0x175c10084b0 of 132 bytes failed: Only part of a ReadProcessMemory or WriteProcessMemory request was completed. (0x12B)
[1016/234616.565:ERROR:process_memory_win.cc(73)] ReadMemory at 0x175c10085e0 of 132 bytes failed: Only part of a ReadProcessMemory or WriteProcessMemory request was completed. (0x12B)
[1016/234616.565:ERROR:process_memory_win.cc(73)] ReadMemory at 0x175c1008970 of 132 bytes failed: Only part of a ReadProcessMemory or WriteProcessMemory request was completed. (0x12B)
[1016/234616.565:ERROR:process_memory_win.cc(73)] ReadMemory at 0x175c1008aa0 of 132 bytes failed: Only part of a ReadProcessMemory or WriteProcessMemory request was completed. (0x12B)
[1016/234616.565:ERROR:process_memory_win.cc(73)] ReadMemory at 0x175c1008d00 of 132 bytes failed: Only part of a ReadProcessMemory or WriteProcessMemory request was completed. (0x12B)
[1016/234616.565:ERROR:process_memory_win.cc(73)] ReadMemory at 0x175c1008f60 of 132 bytes failed: Only part of a ReadProcessMemory or WriteProcessMemory request was completed. (0x12B)
[1016/234616.565:ERROR:process_memory_win.cc(73)] ReadMemory at 0x175c10091c0 of 132 bytes failed: Only part of a ReadProcessMemory or WriteProcessMemory request was completed. (0x12B)
[1016/234616.565:ERROR:process_memory_win.cc(73)] ReadMemory at 0x175c10097b0 of 132 bytes failed: Only part of a ReadProcessMemory or WriteProcessMemory request was completed. (0x12B)
[1016/234616.565:ERROR:process_memory_win.cc(73)] ReadMemory at 0x175c10098e0 of 132 bytes failed: Only part of a ReadProcessMemory or WriteProcessMemory request was completed. (0x12B)
[1016/234616.565:ERROR:process_memory_win.cc(73)] ReadMemory at 0x175c1009a10 of 132 bytes failed: Only part of a ReadProcessMemory or WriteProcessMemory request was completed. (0x12B)
[1016/234616.565:ERROR:process_memory_win.cc(73)] ReadMemory at 0x175c1009b40 of 132 bytes failed: Only part of a ReadProcessMemory or WriteProcessMemory request was completed. (0x12B)
[1016/234616.565:ERROR:process_memory_win.cc(73)] ReadMemory at 0x175c1009c70 of 132 bytes failed: Only part of a ReadProcessMemory or WriteProcessMemory request was completed. (0x12B)
[1016/234616.565:ERROR:process_memory_win.cc(73)] ReadMemory at 0x175c1009da0 of 132 bytes failed: Only part of a ReadProcessMemory or WriteProcessMemory request was completed. (0x12B)
[1016/234616.565:ERROR:process_memory_win.cc(73)] ReadMemory at 0x175c1009ed0 of 132 bytes failed: Only part of a ReadProcessMemory or WriteProcessMemory request was completed. (0x12B)
[1016/234616.572:ERROR:process_memory_win.cc(73)] ReadMemory at 0x175c101c580 of 512 bytes failed: Only part of a ReadProcessMemory or WriteProcessMemory request was completed. (0x12B)
[1016/234616.573:ERROR:process_memory_win.cc(73)] ReadMemory at 0x175c101d0b0 of 512 bytes failed: Only part of a ReadProcessMemory or WriteProcessMemory request was completed. (0x12B)
[1016/234616.574:ERROR:process_memory_win.cc(73)] ReadMemory at 0x175c15178d0 of 512 bytes failed: Only part of a ReadProcessMemory or WriteProcessMemory request was completed. (0x12B)
[1016/234616.574:ERROR:process_memory_win.cc(73)] ReadMemory at 0x175c151b960 of 512 bytes failed: Only part of a ReadProcessMemory or WriteProcessMemory request was completed. (0x12B)
[1016/234616.574:ERROR:process_memory_win.cc(73)] ReadMemory at 0x175c1525380 of 512 bytes failed: Only part of a ReadProcessMemory or WriteProcessMemory request was completed. (0x12B)
[1016/234616.574:ERROR:process_memory_win.cc(73)] ReadMemory at 0x175c15394a0 of 512 bytes failed: Only part of a ReadProcessMemory or WriteProcessMemory request was completed. (0x12B)
[1016/234616.574:ERROR:process_memory_win.cc(73)] ReadMemory at 0x175c15405c0 of 712 bytes failed: Only part of a ReadProcessMemory or WriteProcessMemory request was completed. (0x12B)
[1016/234616.576:ERROR:process_memory_win.cc(73)] ReadMemory at 0x175c15867a8 of 512 bytes failed: Only part of a ReadProcessMemory or WriteProcessMemory request was completed. (0x12B)
[1016/234616.576:ERROR:process_memory_win.cc(73)] ReadMemory at 0x175c1586d48 of 512 bytes failed: Only part of a ReadProcessMemory or WriteProcessMemory request was completed. (0x12B)
[1016/234616.577:ERROR:process_memory_win.cc(73)] ReadMemory at 0x175c15879a8 of 512 bytes failed: Only part of a ReadProcessMemory or WriteProcessMemory request was completed. (0x12B)
[1016/234616.578:ERROR:process_memory_win.cc(73)] ReadMemory at 0x175c15924d0 of 640 bytes failed: Only part of a ReadProcessMemory or WriteProcessMemory request was completed. (0x12B)
[1016/234616.578:ERROR:process_memory_win.cc(73)] ReadMemory at 0x175c3398660 of 512 bytes failed: Only part of a ReadProcessMemory or WriteProcessMemory request was completed. (0x12B)
[1016/234616.578:ERROR:process_memory_win.cc(73)] ReadMemory at 0x175c33b5840 of 512 bytes failed: Only part of a ReadProcessMemory or WriteProcessMemory request was completed. (0x12B)
[1016/234616.579:ERROR:process_memory_win.cc(73)] ReadMemory at 0x175c341da98 of 512 bytes failed: Only part of a ReadProcessMemory or WriteProcessMemory request was completed. (0x12B)
[1016/234616.579:ERROR:process_memory_win.cc(73)] ReadMemory at 0x175c4498510 of 512 bytes failed: Only part of a ReadProcessMemory or WriteProcessMemory request was completed. (0x12B)
[1016/234616.579:ERROR:process_memory_win.cc(73)] ReadMemory at 0x175c63c054e of 512 bytes failed: Only part of a ReadProcessMemory or WriteProcessMemory request was completed. (0x12B)
[1016/234616.580:ERROR:process_memory_win.cc(73)] ReadMemory at 0x175c66f6560 of 608 bytes failed: Only part of a ReadProcessMemory or WriteProcessMemory request was completed. (0x12B)
[1016/234616.580:ERROR:process_memory_win.cc(73)] ReadMemory at 0x175c7ca4630 of 512 bytes failed: Only part of a ReadProcessMemory or WriteProcessMemory request was completed. (0x12B)
[1016/234616.580:ERROR:process_memory_win.cc(73)] ReadMemory at 0x175c7f5da60 of 512 bytes failed: Only part of a ReadProcessMemory or WriteProcessMemory request was completed. (0x12B)
[1016/234616.580:ERROR:process_memory_win.cc(73)] ReadMemory at 0x175c85ef0c0 of 512 bytes failed: Only part of a ReadProcessMemory or WriteProcessMemory request was completed. (0x12B)
[1016/234616.580:ERROR:process_memory_win.cc(73)] ReadMemory at 0x175c87f3ec8 of 512 bytes failed: Only part of a ReadProcessMemory or WriteProcessMemory request was completed. (0x12B)
[1016/234616.580:ERROR:process_memory_win.cc(73)] ReadMemory at 0x175ca9b3940 of 512 bytes failed: Only part of a ReadProcessMemory or WriteProcessMemory request was completed. (0x12B)
[1016/234616.580:ERROR:process_memory_win.cc(73)] ReadMemory at 0x175ca9c9d40 of 512 bytes failed: Only part of a ReadProcessMemory or WriteProcessMemory request was completed. (0x12B)
[1016/234616.580:ERROR:process_memory_win.cc(73)] ReadMemory at 0x175ca9f2e20 of 512 bytes failed: Only part of a ReadProcessMemory or WriteProcessMemory request was completed. (0x12B)
[1016/234616.580:ERROR:process_memory_win.cc(73)] ReadMemory at 0x175ca9f5110 of 512 bytes failed: Only part of a ReadProcessMemory or WriteProcessMemory request was completed. (0x12B)
[1016/234616.580:ERROR:process_memory_win.cc(73)] ReadMemory at 0x175caa32300 of 512 bytes failed: Only part of a ReadProcessMemory or WriteProcessMemory request was completed. (0x12B)
[1016/234616.580:ERROR:process_memory_win.cc(73)] ReadMemory at 0x175cb5ae7f0 of 520 bytes failed: Only part of a ReadProcessMemory or WriteProcessMemory request was completed. (0x12B)
[1016/234616.580:ERROR:process_memory_win.cc(73)] ReadMemory at 0x175cca59ce0 of 512 bytes failed: Only part of a ReadProcessMemory or WriteProcessMemory request was completed. (0x12B)
[1016/234616.580:ERROR:process_memory_win.cc(73)] ReadMemory at 0x175cca5d9c0 of 512 bytes failed: Only part of a ReadProcessMemory or WriteProcessMemory request was completed. (0x12B)
[1016/234616.580:ERROR:process_memory_win.cc(73)] ReadMemory at 0x175cca659c0 of 512 bytes failed: Only part of a ReadProcessMemory or WriteProcessMemory request was completed. (0x12B)
[1016/234616.580:ERROR:process_memory_win.cc(73)] ReadMemory at 0x175cca991c0 of 512 bytes failed: Only part of a ReadProcessMemory or WriteProcessMemory request was completed. (0x12B)
[1016/234616.580:ERROR:process_memory_win.cc(73)] ReadMemory at 0x175ccad86a0 of 512 bytes failed: Only part of a ReadProcessMemory or WriteProcessMemory request was completed. (0x12B)
[1016/234616.580:ERROR:process_memory_win.cc(73)] ReadMemory at 0x175ccadac80 of 512 bytes failed: Only part of a ReadProcessMemory or WriteProcessMemory request was completed. (0x12B)
[1016/234616.580:ERROR:process_memory_win.cc(73)] ReadMemory at 0x175ccae2c80 of 512 bytes failed: Only part of a ReadProcessMemory or WriteProcessMemory request was completed. (0x12B)
[1016/234616.580:ERROR:process_memory_win.cc(73)] ReadMemory at 0x175ccbdd640 of 512 bytes failed: Only part of a ReadProcessMemory or WriteProcessMemory request was completed. (0x12B)
[1016/234616.588:ERROR:process_memory_win.cc(73)] ReadMemory at 0x175ccbde4f0 of 656 bytes failed: Only part of a ReadProcessMemory or WriteProcessMemory request was completed. (0x12B)
[1016/234616.589:ERROR:process_memory_win.cc(73)] ReadMemory at 0x175ccbde8e8 of 584 bytes failed: Only part of a ReadProcessMemory or WriteProcessMemory request was completed. (0x12B)
[1016/234616.589:ERROR:process_memory_win.cc(73)] ReadMemory at 0x175ccbdf7e0 of 656 bytes failed: Only part of a ReadProcessMemory or WriteProcessMemory request was completed. (0x12B)
[1016/234616.589:ERROR:process_memory_win.cc(73)] ReadMemory at 0x175ccbdfbd8 of 528 bytes failed: Only part of a ReadProcessMemory or WriteProcessMemory request was completed. (0x12B)
[1016/234616.590:ERROR:process_memory_win.cc(73)] ReadMemory at 0x175ccf0400e of 512 bytes failed: Only part of a ReadProcessMemory or WriteProcessMemory request was completed. (0x12B)
[1016/234616.590:ERROR:process_memory_win.cc(73)] ReadMemory at 0x175ccf4c848 of 512 bytes failed: Only part of a ReadProcessMemory or WriteProcessMemory request was completed. (0x12B)
[1016/234616.590:ERROR:process_memory_win.cc(73)] ReadMemory at 0x175cd01a490 of 512 bytes failed: Only part of a ReadProcessMemory or WriteProcessMemory request was completed. (0x12B)
[1016/234616.590:ERROR:process_memory_win.cc(73)] ReadMemory at 0x175cd01b210 of 512 bytes failed: Only part of a ReadProcessMemory or WriteProcessMemory request was completed. (0x12B)
[1016/234616.590:ERROR:process_memory_win.cc(73)] ReadMemory at 0x175cef7df68 of 512 bytes failed: Only part of a ReadProcessMemory or WriteProcessMemory request was completed. (0x12B)
[1016/234616.590:ERROR:process_memory_win.cc(73)] ReadMemory at 0x1568694b0f78 of 512 bytes failed: Only part of a ReadProcessMemory or WriteProcessMemory request was completed. (0x12B)
[1016/234616.590:ERROR:process_memory_win.cc(73)] ReadMemory at 0x26ac3d1d0d89 of 560 bytes failed: Only part of a ReadProcessMemory or WriteProcessMemory request was completed. (0x12B)
[1016/234616.590:ERROR:process_memory_win.cc(73)] ReadMemory at 0x74b8498cd7e1 of 512 bytes failed: Only part of a ReadProcessMemory or WriteProcessMemory request was completed. (0x12B)
[1016/234616.590:ERROR:process_memory_win.cc(73)] ReadMemory at 0x7ffa17fe4270 of 512 bytes failed: Only part of a ReadProcessMemory or WriteProcessMemory request was completed. (0x12B)
[1016/234616.590:ERROR:process_memory_win.cc(73)] ReadMemory at 0x7ffa19196acc of 512 bytes failed: Only part of a ReadProcessMemory or WriteProcessMemory request was completed. (0x12B)
[1016/234616.590:ERROR:process_memory_win.cc(73)] ReadMemory at 0x7ffa1b43706f of 664 bytes failed: Only part of a ReadProcessMemory or WriteProcessMemory request was completed. (0x12B)
[1016/234616.590:ERROR:process_memory_win.cc(73)] ReadMemory at 0x7ffa1babcd30 of 512 bytes failed: Only part of a ReadProcessMemory or WriteProcessMemory request was completed. (0x12B)
[1016/234616.590:ERROR:process_memory_win.cc(73)] ReadMemory at 0x7ffa1bcd0863 of 512 bytes failed: Only part of a ReadProcessMemory or WriteProcessMemory request was completed. (0x12B)
[1016/234616.590:ERROR:process_memory_win.cc(73)] ReadMemory at 0x7ffa1cac2c4c of 512 bytes failed: Only part of a ReadProcessMemory or WriteProcessMemory request was completed. (0x12B)
[1016/234616.590:ERROR:process_memory_win.cc(73)] ReadMemory at 0x7ffa91ada7b9 of 512 bytes failed: Only part of a ReadProcessMemory or WriteProcessMemory request was completed. (0x12B)
[1016/234616.590:ERROR:process_memory_win.cc(73)] ReadMemory at 0x7ffa91d0b6d0 of 512 bytes failed: Only part of a ReadProcessMemory or WriteProcessMemory request was completed. (0x12B)
[1016/234616.590:ERROR:process_memory_win.cc(73)] ReadMemory at 0x7ffa92aa1f80 of 512 bytes failed: Only part of a ReadProcessMemory or WriteProcessMemory request was completed. (0x12B)
[1016/234616.590:ERROR:process_memory_win.cc(73)] ReadMemory at 0x7ffa94619420 of 512 bytes failed: Only part of a ReadProcessMemory or WriteProcessMemory request was completed. (0x12B)
[1016/234616.590:ERROR:process_memory_win.cc(73)] ReadMemory at 0x7ffa946207bd of 512 bytes failed: Only part of a ReadProcessMemory or WriteProcessMemory request was completed. (0x12B)
[1016/234616.590:ERROR:process_memory_win.cc(73)] ReadMemory at 0x7ffa946589d0 of 512 bytes failed: Only part of a ReadProcessMemory or WriteProcessMemory request was completed. (0x12B)
[1016/234616.590:ERROR:process_memory_win.cc(73)] ReadMemory at 0x7ffa9467c0d4 of 672 bytes failed: Only part of a ReadProcessMemory or WriteProcessMemory request was completed. (0x12B)
[1016/234616.590:ERROR:process_memory_win.cc(73)] ReadMemory at 0x7ffa9467c6d4 of 512 bytes failed: Only part of a ReadProcessMemory or WriteProcessMemory request was completed. (0x12B)
[1016/234616.590:ERROR:process_memory_win.cc(73)] ReadMemory at 0x7ffa9467cba4 of 512 bytes failed: Only part of a ReadProcessMemory or WriteProcessMemory request was completed. (0x12B)
[1016/234616.590:ERROR:process_memory_win.cc(73)] ReadMemory at 0x7ffa9467f984 of 608 bytes failed: Only part of a ReadProcessMemory or WriteProcessMemory request was completed. (0x12B)
[1016/234616.590:ERROR:process_memory_win.cc(73)] ReadMemory at 0x7ffa9470c428 of 18 bytes failed: Only part of a ReadProcessMemory or WriteProcessMemory request was completed. (0x12B)
[1016/234616.590:ERROR:process_memory_win.cc(73)] ReadMemory at 0x7ffa9473f4f8 of 40 bytes failed: Only part of a ReadProcessMemory or WriteProcessMemory request was completed. (0x12B)
[1016/234616.590:ERROR:process_memory_win.cc(73)] ReadMemory at 0x7ffa9473f978 of 48 bytes failed: Only part of a ReadProcessMemory or WriteProcessMemory request was completed. (0x12B)
[1016/234616.590:ERROR:process_memory_win.cc(73)] ReadMemory at 0x7ffa947453c0 of 64 bytes failed: Only part of a ReadProcessMemory or WriteProcessMemory request was completed. (0x12B)
[1016/234616.926:ERROR:scoped_process_suspend.cc(40)] NtResumeProcess: An attempt was made to access an exiting process. (0xc000010a)
